17:49:35.258 [Worker-20] INFO  o.a.AndroidAnnotationProcessor:84 - Initialize AndroidAnnotations 3.2 with options {phase=BUILD}
17:49:35.431 [Worker-20] INFO  o.a.AndroidAnnotationProcessor:108 - Start processing for 1 annotations on 4 elements
17:49:35.571 [Worker-20] DEBUG o.a.h.AndroidManifestFinder:137 - AndroidManifest.xml file found in parent folder F:\Project\Android\Demo: F:\Project\Android\Demo\AndroidManifest.xml
17:49:35.580 [Worker-20] INFO  o.a.AndroidAnnotationProcessor:171 - AndroidManifest.xml found: AndroidManifest [applicationPackage=com.example.demo, componentQualifiedNames=[com.example.demo.MainActivity], permissionQualifiedNames=[], applicationClassName=null, libraryProject=false, debugabble=false, minSdkVersion=11, maxSdkVersion=-1, targetSdkVersion=21]
17:49:35.585 [Worker-20] INFO  o.a.r.ProjectRClassFinder:50 - Found project R class: com.example.demo.R
17:49:35.728 [Worker-20] INFO  o.a.r.AndroidRClassFinder:44 - Found Android class: android.R
17:49:35.780 [Worker-20] INFO  o.a.p.ModelValidator:42 - Validating elements
17:49:35.784 [Worker-20] DEBUG o.a.p.ModelValidator:62 - Validating with EActivityHandler: [com.example.demo.MainActivity]
17:49:35.792 [Worker-20] ERROR o.a.h.AnnotationHelper:126 - The AndroidManifest.xml file contains the original component, and not the AndroidAnnotations generated component. Please register MainActivity_ instead of MainActivity
17:49:35.793 [Worker-20] WARN  o.a.p.ModelValidator:69 - Element EActivityHandler unvalidated by 
17:49:35.828 [Worker-20] INFO  o.a.p.ModelProcessor:69 - Processing root elements
17:49:35.833 [Worker-20] INFO  o.a.p.ModelProcessor:77 - Processing enclosed elements
17:49:35.840 [Worker-20] INFO  o.a.AndroidAnnotationProcessor:250 - Number of files generated by AndroidAnnotations: 0
17:49:35.848 [Worker-20] INFO  o.a.g.ApiCodeGenerator:52 - Writting following API classes in project: []
17:49:35.855 [Worker-20] INFO  o.a.p.TimeStats:81 - Time measurements: [Whole Processing = 424 ms], [Find R Classes = 182 ms], [Extract Annotations = 130 ms], [Process Annotations = 44 ms], [Generate Sources = 17 ms], [Validate Annotations = 15 ms], [Extract Manifest = 11 ms], 
17:49:35.859 [Worker-20] INFO  o.a.AndroidAnnotationProcessor:122 - Finish processing
17:49:36.872 [Worker-20] INFO  o.a.AndroidAnnotationProcessor:84 - Initialize AndroidAnnotations 3.2 with options {phase=BUILD}
17:49:57.57 [Worker-24] INFO  o.a.AndroidAnnotationProcessor:84 - Initialize AndroidAnnotations 3.2 with options {phase=BUILD}
17:50:24.591 [Worker-23] INFO  o.a.AndroidAnnotationProcessor:84 - Initialize AndroidAnnotations 3.2 with options {phase=BUILD}
17:50:24.597 [Worker-23] INFO  o.a.AndroidAnnotationProcessor:108 - Start processing for 1 annotations on 4 elements
17:50:24.617 [Worker-23] DEBUG o.a.h.AndroidManifestFinder:137 - AndroidManifest.xml file found in parent folder F:\Project\Android\Demo: F:\Project\Android\Demo\AndroidManifest.xml
17:50:24.622 [Worker-23] INFO  o.a.AndroidAnnotationProcessor:171 - AndroidManifest.xml found: AndroidManifest [applicationPackage=com.example.demo, componentQualifiedNames=[com.example.demo.MainActivity_], permissionQualifiedNames=[], applicationClassName=null, libraryProject=false, debugabble=false, minSdkVersion=11, maxSdkVersion=-1, targetSdkVersion=21]
17:50:24.625 [Worker-23] INFO  o.a.r.ProjectRClassFinder:50 - Found project R class: com.example.demo.R
17:50:24.640 [Worker-23] INFO  o.a.r.AndroidRClassFinder:44 - Found Android class: android.R
17:50:24.652 [Worker-23] INFO  o.a.p.ModelValidator:42 - Validating elements
17:50:24.656 [Worker-23] DEBUG o.a.p.ModelValidator:62 - Validating with EActivityHandler: [com.example.demo.MainActivity]
17:50:24.662 [Worker-23] INFO  o.a.p.ModelProcessor:69 - Processing root elements
17:50:24.667 [Worker-23] DEBUG o.a.p.ModelProcessor:160 - Processing root elements EActivityHandler: [com.example.demo.MainActivity]
17:50:24.763 [Worker-23] INFO  o.a.p.ModelProcessor:77 - Processing enclosed elements
17:50:24.768 [Worker-23] INFO  o.a.AndroidAnnotationProcessor:250 - Number of files generated by AndroidAnnotations: 1
17:50:24.772 [Worker-23] INFO  o.a.g.ApiCodeGenerator:52 - Writting following API classes in project: []
17:50:24.775 [Worker-23] DEBUG o.a.g.SourceCodewriter:55 - Generating class: com.example.demo.MainActivity_
17:50:24.841 [Worker-23] INFO  o.a.p.TimeStats:81 - Time measurements: [Whole Processing = 244 ms], [Process Annotations = 106 ms], [Generate Sources = 73 ms], [Find R Classes = 26 ms], [Extract Annotations = 16 ms], [Validate Annotations = 10 ms], [Extract Manifest = 5 ms], 
17:50:24.845 [Worker-23] INFO  o.a.AndroidAnnotationProcessor:122 - Finish processing
17:50:28.488 [Worker-27] INFO  o.a.AndroidAnnotationProcessor:84 - Initialize AndroidAnnotations 3.2 with options {phase=BUILD}
17:50:28.492 [Worker-27] INFO  o.a.AndroidAnnotationProcessor:108 - Start processing for 1 annotations on 4 elements
17:50:28.512 [Worker-27] DEBUG o.a.h.AndroidManifestFinder:137 - AndroidManifest.xml file found in parent folder F:\Project\Android\Demo: F:\Project\Android\Demo\AndroidManifest.xml
17:50:28.517 [Worker-27] INFO  o.a.AndroidAnnotationProcessor:171 - AndroidManifest.xml found: AndroidManifest [applicationPackage=com.example.demo, componentQualifiedNames=[com.example.demo.MainActivity_], permissionQualifiedNames=[], applicationClassName=null, libraryProject=false, debugabble=false, minSdkVersion=11, maxSdkVersion=-1, targetSdkVersion=21]
17:50:28.521 [Worker-27] INFO  o.a.r.ProjectRClassFinder:50 - Found project R class: com.example.demo.R
17:50:28.537 [Worker-27] INFO  o.a.r.AndroidRClassFinder:44 - Found Android class: android.R
17:50:28.553 [Worker-27] INFO  o.a.p.ModelValidator:42 - Validating elements
17:50:28.558 [Worker-27] DEBUG o.a.p.ModelValidator:62 - Validating with EActivityHandler: [com.example.demo.MainActivity]
17:50:28.567 [Worker-27] INFO  o.a.p.ModelProcessor:69 - Processing root elements
17:50:28.573 [Worker-27] DEBUG o.a.p.ModelProcessor:160 - Processing root elements EActivityHandler: [com.example.demo.MainActivity]
17:50:28.580 [Worker-27] INFO  o.a.p.ModelProcessor:77 - Processing enclosed elements
17:50:28.586 [Worker-27] INFO  o.a.AndroidAnnotationProcessor:250 - Number of files generated by AndroidAnnotations: 1
17:50:28.592 [Worker-27] INFO  o.a.g.ApiCodeGenerator:52 - Writting following API classes in project: []
17:50:28.597 [Worker-27] DEBUG o.a.g.SourceCodewriter:55 - Generating class: com.example.demo.MainActivity_
17:50:28.622 [Worker-27] INFO  o.a.p.TimeStats:81 - Time measurements: [Whole Processing = 130 ms], [Generate Sources = 36 ms], [Find R Classes = 32 ms], [Process Annotations = 21 ms], [Extract Annotations = 16 ms], [Validate Annotations = 12 ms], [Extract Manifest = 5 ms], 
17:50:28.627 [Worker-27] INFO  o.a.AndroidAnnotationProcessor:122 - Finish processing
17:50:37.481 [Worker-23] INFO  o.a.AndroidAnnotationProcessor:84 - Initialize AndroidAnnotations 3.2 with options {phase=BUILD}
17:50:37.488 [Worker-23] INFO  o.a.AndroidAnnotationProcessor:108 - Start processing for 1 annotations on 1 elements
17:50:37.508 [Worker-23] DEBUG o.a.h.AndroidManifestFinder:137 - AndroidManifest.xml file found in parent folder F:\Project\Android\Demo: F:\Project\Android\Demo\AndroidManifest.xml
17:50:37.514 [Worker-23] INFO  o.a.AndroidAnnotationProcessor:171 - AndroidManifest.xml found: AndroidManifest [applicationPackage=com.example.demo, componentQualifiedNames=[com.example.demo.MainActivity_], permissionQualifiedNames=[], applicationClassName=null, libraryProject=false, debugabble=false, minSdkVersion=11, maxSdkVersion=-1, targetSdkVersion=21]
17:50:37.518 [Worker-23] INFO  o.a.r.ProjectRClassFinder:50 - Found project R class: com.example.demo.R
17:50:37.526 [Worker-23] INFO  o.a.r.AndroidRClassFinder:44 - Found Android class: android.R
17:50:37.535 [Worker-23] INFO  o.a.p.ModelValidator:42 - Validating elements
17:50:37.538 [Worker-23] DEBUG o.a.p.ModelValidator:62 - Validating with EActivityHandler: [com.example.demo.MainActivity]
17:50:37.542 [Worker-23] INFO  o.a.p.ModelProcessor:69 - Processing root elements
17:50:37.545 [Worker-23] DEBUG o.a.p.ModelProcessor:160 - Processing root elements EActivityHandler: [com.example.demo.MainActivity]
17:50:37.550 [Worker-23] INFO  o.a.p.ModelProcessor:77 - Processing enclosed elements
17:50:37.555 [Worker-23] INFO  o.a.AndroidAnnotationProcessor:250 - Number of files generated by AndroidAnnotations: 1
17:50:37.560 [Worker-23] INFO  o.a.g.ApiCodeGenerator:52 - Writting following API classes in project: []
17:50:37.564 [Worker-23] DEBUG o.a.g.SourceCodewriter:55 - Generating class: com.example.demo.MainActivity_
17:50:37.572 [Worker-23] INFO  o.a.p.TimeStats:81 - Time measurements: [Whole Processing = 84 ms], [Find R Classes = 17 ms], [Generate Sources = 17 ms], [Extract Annotations = 15 ms], [Process Annotations = 13 ms], [Validate Annotations = 7 ms], [Extract Manifest = 6 ms], 
17:50:37.579 [Worker-23] INFO  o.a.AndroidAnnotationProcessor:122 - Finish processing
17:50:40.323 [Worker-26] INFO  o.a.AndroidAnnotationProcessor:84 - Initialize AndroidAnnotations 3.2 with options {phase=BUILD}
17:50:40.329 [Worker-26] INFO  o.a.AndroidAnnotationProcessor:108 - Start processing for 1 annotations on 1 elements
17:50:40.356 [Worker-26] DEBUG o.a.h.AndroidManifestFinder:137 - AndroidManifest.xml file found in parent folder F:\Project\Android\Demo: F:\Project\Android\Demo\AndroidManifest.xml
17:50:40.364 [Worker-26] INFO  o.a.AndroidAnnotationProcessor:171 - AndroidManifest.xml found: AndroidManifest [applicationPackage=com.example.demo, componentQualifiedNames=[com.example.demo.MainActivity_], permissionQualifiedNames=[], applicationClassName=null, libraryProject=false, debugabble=false, minSdkVersion=11, maxSdkVersion=-1, targetSdkVersion=21]
17:50:40.381 [Worker-26] INFO  o.a.r.ProjectRClassFinder:50 - Found project R class: com.example.demo.R
17:50:40.399 [Worker-26] INFO  o.a.r.AndroidRClassFinder:44 - Found Android class: android.R
17:50:40.413 [Worker-26] INFO  o.a.p.ModelValidator:42 - Validating elements
17:50:40.419 [Worker-26] DEBUG o.a.p.ModelValidator:62 - Validating with EActivityHandler: [com.example.demo.MainActivity]
17:50:40.426 [Worker-26] INFO  o.a.p.ModelProcessor:69 - Processing root elements
17:50:40.433 [Worker-26] DEBUG o.a.p.ModelProcessor:160 - Processing root elements EActivityHandler: [com.example.demo.MainActivity]
17:50:40.439 [Worker-26] INFO  o.a.p.ModelProcessor:77 - Processing enclosed elements
17:50:40.445 [Worker-26] INFO  o.a.AndroidAnnotationProcessor:250 - Number of files generated by AndroidAnnotations: 1
17:50:40.450 [Worker-26] INFO  o.a.g.ApiCodeGenerator:52 - Writting following API classes in project: []
17:50:40.456 [Worker-26] DEBUG o.a.g.SourceCodewriter:55 - Generating class: com.example.demo.MainActivity_
17:50:40.464 [Worker-26] INFO  o.a.p.TimeStats:81 - Time measurements: [Whole Processing = 135 ms], [Find R Classes = 32 ms], [Extract Annotations = 20 ms], [Process Annotations = 19 ms], [Generate Sources = 19 ms], [Validate Annotations = 13 ms], [Extract Manifest = 9 ms], 
17:50:40.468 [Worker-26] INFO  o.a.AndroidAnnotationProcessor:122 - Finish processing
17:56:43.259 [Worker-30] INFO  o.a.AndroidAnnotationProcessor:84 - Initialize AndroidAnnotations 3.2 with options {phase=BUILD}
17:56:43.264 [Worker-30] INFO  o.a.AndroidAnnotationProcessor:108 - Start processing for 1 annotations on 4 elements
17:56:43.294 [Worker-30] DEBUG o.a.h.AndroidManifestFinder:137 - AndroidManifest.xml file found in parent folder F:\Project\Android\Demo: F:\Project\Android\Demo\AndroidManifest.xml
17:56:43.302 [Worker-30] INFO  o.a.AndroidAnnotationProcessor:171 - AndroidManifest.xml found: AndroidManifest [applicationPackage=com.example.demo, componentQualifiedNames=[com.example.demo.MainActivity_], permissionQualifiedNames=[], applicationClassName=null, libraryProject=false, debugabble=false, minSdkVersion=11, maxSdkVersion=-1, targetSdkVersion=21]
17:56:43.307 [Worker-30] INFO  o.a.r.ProjectRClassFinder:50 - Found project R class: com.example.demo.R
17:56:43.319 [Worker-30] INFO  o.a.r.AndroidRClassFinder:44 - Found Android class: android.R
17:56:43.326 [Worker-30] INFO  o.a.p.ModelValidator:42 - Validating elements
17:56:43.330 [Worker-30] DEBUG o.a.p.ModelValidator:62 - Validating with EActivityHandler: [com.example.demo.MainActivity]
17:56:43.334 [Worker-30] INFO  o.a.p.ModelProcessor:69 - Processing root elements
17:56:43.337 [Worker-30] DEBUG o.a.p.ModelProcessor:160 - Processing root elements EActivityHandler: [com.example.demo.MainActivity]
17:56:43.343 [Worker-30] INFO  o.a.p.ModelProcessor:77 - Processing enclosed elements
17:56:43.346 [Worker-30] INFO  o.a.AndroidAnnotationProcessor:250 - Number of files generated by AndroidAnnotations: 1
17:56:43.350 [Worker-30] INFO  o.a.g.ApiCodeGenerator:52 - Writting following API classes in project: []
17:56:43.354 [Worker-30] DEBUG o.a.g.SourceCodewriter:55 - Generating class: com.example.demo.MainActivity_
17:56:43.364 [Worker-30] INFO  o.a.p.TimeStats:81 - Time measurements: [Whole Processing = 100 ms], [Extract Annotations = 24 ms], [Find R Classes = 19 ms], [Generate Sources = 18 ms], [Process Annotations = 12 ms], [Extract Manifest = 9 ms], [Validate Annotations = 8 ms], 
17:56:43.368 [Worker-30] INFO  o.a.AndroidAnnotationProcessor:122 - Finish processing
17:59:58.658 [Worker-32] INFO  o.a.AndroidAnnotationProcessor:84 - Initialize AndroidAnnotations 3.2 with options {phase=BUILD}
18:00:48.463 [Worker-35] INFO  o.a.AndroidAnnotationProcessor:84 - Initialize AndroidAnnotations 3.2 with options {phase=BUILD}
18:00:48.600 [Worker-35] INFO  o.a.AndroidAnnotationProcessor:108 - Start processing for 1 annotations on 2 elements
18:00:48.621 [Worker-35] DEBUG o.a.h.AndroidManifestFinder:137 - AndroidManifest.xml file found in parent folder F:\Project\Android\Demo: F:\Project\Android\Demo\AndroidManifest.xml
18:00:48.628 [Worker-35] INFO  o.a.AndroidAnnotationProcessor:171 - AndroidManifest.xml found: AndroidManifest [applicationPackage=com.example.demo, componentQualifiedNames=[com.example.demo.MainActivity_], permissionQualifiedNames=[], applicationClassName=null, libraryProject=false, debugabble=false, minSdkVersion=11, maxSdkVersion=-1, targetSdkVersion=21]
18:00:48.632 [Worker-35] INFO  o.a.r.ProjectRClassFinder:50 - Found project R class: com.example.demo.R
18:00:48.646 [Worker-35] INFO  o.a.r.AndroidRClassFinder:44 - Found Android class: android.R
18:00:48.657 [Worker-35] INFO  o.a.p.ModelValidator:42 - Validating elements
18:00:48.662 [Worker-35] DEBUG o.a.p.ModelValidator:62 - Validating with EActivityHandler: [com.example.demo.MainActivity]
18:00:48.667 [Worker-35] INFO  o.a.p.ModelProcessor:69 - Processing root elements
18:00:48.672 [Worker-35] DEBUG o.a.p.ModelProcessor:160 - Processing root elements EActivityHandler: [com.example.demo.MainActivity]
18:00:48.679 [Worker-35] INFO  o.a.p.ModelProcessor:77 - Processing enclosed elements
18:00:48.684 [Worker-35] INFO  o.a.AndroidAnnotationProcessor:250 - Number of files generated by AndroidAnnotations: 1
18:00:48.690 [Worker-35] INFO  o.a.g.ApiCodeGenerator:52 - Writting following API classes in project: []
18:00:48.693 [Worker-35] DEBUG o.a.g.SourceCodewriter:55 - Generating class: com.example.demo.MainActivity_
18:00:48.698 [Worker-35] INFO  o.a.p.TimeStats:81 - Time measurements: [Whole Processing = 98 ms], [Find R Classes = 25 ms], [Extract Annotations = 18 ms], [Process Annotations = 18 ms], [Generate Sources = 14 ms], [Validate Annotations = 9 ms], [Extract Manifest = 7 ms], 
18:00:48.701 [Worker-35] INFO  o.a.AndroidAnnotationProcessor:122 - Finish processing
18:02:05.342 [Worker-36] INFO  o.a.AndroidAnnotationProcessor:84 - Initialize AndroidAnnotations 3.2 with options {phase=BUILD}
18:02:08.399 [Worker-34] INFO  o.a.AndroidAnnotationProcessor:84 - Initialize AndroidAnnotations 3.2 with options {phase=BUILD}
18:04:03.515 [Worker-34] INFO  o.a.AndroidAnnotationProcessor:84 - Initialize AndroidAnnotations 3.2 with options {phase=BUILD}
18:08:31.657 [Worker-37] INFO  o.a.AndroidAnnotationProcessor:84 - Initialize AndroidAnnotations 3.2 with options {phase=BUILD}
18:10:06.408 [Worker-36] INFO  o.a.AndroidAnnotationProcessor:84 - Initialize AndroidAnnotations 3.2 with options {phase=BUILD}
18:10:07.354 [Worker-34] INFO  o.a.AndroidAnnotationProcessor:84 - Initialize AndroidAnnotations 3.2 with options {phase=BUILD}
18:11:27.365 [Worker-39] INFO  o.a.AndroidAnnotationProcessor:84 - Initialize AndroidAnnotations 3.2 with options {phase=BUILD}
18:12:50.92 [Worker-38] INFO  o.a.AndroidAnnotationProcessor:84 - Initialize AndroidAnnotations 3.2 with options {phase=BUILD}
18:14:15.45 [Worker-37] INFO  o.a.AndroidAnnotationProcessor:84 - Initialize AndroidAnnotations 3.2 with options {phase=BUILD}
